---0

...............................................................................................................................................................................................................................................................................................................................................................................................................................................................................................................................................................................................................................................................................................................................................................................................................................................................................................................................................................................................................................................................................................................................................................................................................................................................................................................................................................................................................................................................................................................................................................................................................................................................................................................................................................................................................................................................................................................................................................................................................................................................................................................................................................................................................................................................................................................................................................................................................................................................................................................................................................................................................................................................................................................................................................................................................................................................................................................................................................................................................................................................................................................................................................................................................................................................................................................................................................................................................................................................................................................................................................................................................................................................................................................................................................................................................................................................................................................................................................................................................................................................................................................................................................................................................................................................................................................................................................................................
Info in <TCanvas::Print>: pdf file ./results_eff/Bu_tot_noweights.pdf has been created
Info in <TCanvas::Print>: pdf file ./results_eff/Bu_totweights.pdf has been created

........................................................................................................................................................................................................................................................................................................................................................................................................................................................................................................................................................................................................................................................................................................................................................................................................................................................................................................................................................................................................................................................................................................................................................................................................................................................................................................................................................................................................................................................................................................................................................................................................................................................................................................................................................................................................................................................................................................................................................................................................................................................................................................................................................................................................................................................................................................
Info in <TCanvas::Print>: pdf file ./results_eff/Bu_passed_noweights.pdf has been created
Info in <TCanvas::Print>: pdf file ./results_eff/Bu_passed_weights.pdf has been created
Info in <TCanvas::Print>: pdf file ./results_eff/Bu_efficiency0.pdf has been created
Info in <TEfficiency::TEfficiency>: given histograms are filled with weights
Info in <TROOT::TEfficiency::SetUseWeightedEvents>: Handle weighted events for computing efficiency
Warning in <TEfficiency::GetEfficiencyErrorLow>: frequentist confidence intervals for weights are only supported by the normal approximation
Info in <TEfficiency::GetEfficiencyErrorLow>: setting statistic option to kFNormal
Info in <TCanvas::Print>: pdf file ./results_eff/Bu_efficiency1.pdf has been created
eff0 1 0.109244
eff1 1 0.113416
eff0 2 0.330872
eff1 2 0.338776
eff0 3 0.493199
eff1 3 0.493348
eff0 4 0.651136
eff1 4 0.642689
TFile**		./results_eff/Bu_efficiency0.root	
 TFile*		./results_eff/Bu_efficiency0.root	
  KEY: TEfficiency	hist_tot_noweights_clone;1	
TFile**		./results_eff/Bu_efficiency1.root	
 TFile*		./results_eff/Bu_efficiency1.root	
  KEY: TEfficiency	hist_tot_weights_clone;1	
